Xilinx Platform Studio (XPS)
Xilinx EDK 10.1.03 Build EDK_K_SP3.6

Copyright (c) 1995-2008 Xilinx, Inc.  All rights reserved.

At Local date and time: Sun Nov 30 17:49:19 2014
 make -f system.make program started...

*********************************************
Creating software libraries...
*********************************************
libgen -mhs system.mhs -p xc2vp30ff896-7 -lp /home/alonso/Linux-on-FPGA/Resources/lib/ system.mss

libgen
Xilinx EDK 10.1.03 Build EDK_K_SP3.6
Copyright (c) 1995-2008 Xilinx, Inc.  All rights reserved.


Command Line: libgen -mhs system.mhs -p xc2vp30ff896-7 -lp
/home/alonso/Linux-on-FPGA/Resources/lib/ system.mss 


Output Directory (-od)		: /home/alonso/Linux-on-FPGA/Hardware/BaseSystem/
Part (-p)			: virtex2p

Software Specification file	: system.mss


Overriding IP level properties ...


Performing IP level DRCs on properties...


Running DRC Tcl procedures for OPTION IPLEVEL_DRC_PROC...
Address Map for Processor ppc405_0
  (0b0000010000-0b0000010011) ppc405_0	
  (0b0000100000-0b0000100011) ppc405_0	
  (0x81000000-0x8100ffff) Ethernet_MAC	plb0
  (0x84000000-0x8400ffff) RS232_Uart_1	plb0
  (0xffff0000-0xffffffff) xps_bram_if_cntlr_1	plb0


Check platform address map ...
INFO:MDT - IPNAME:ppc405_0 INSTANCE:ppc405 -
   /opt/Xilinx/10.1/EDK/hw/XilinxProcessorIPLib/pcores/ppc405_v3_00_a/data/ppc40
   5_v2_1_0.mpd line 62 - tool is overriding PARAMETER C_DPLB0_P2P value to 0
INFO:MDT - IPNAME:ppc405_0 INSTANCE:ppc405 -
   /opt/Xilinx/10.1/EDK/hw/XilinxProcessorIPLib/pcores/ppc405_v3_00_a/data/ppc40
   5_v2_1_0.mpd line 64 - tool is overriding PARAMETER C_IPLB0_P2P value to 0

Computing clock values...


Overriding system level properties ...

INFO:MDT - IPNAME:jtagppc_cntlr_0 INSTANCE:jtagppc_cntlr -
   /opt/Xilinx/10.1/EDK/hw/XilinxProcessorIPLib/pcores/jtagppc_cntlr_v2_01_c/dat
   a/jtagppc_cntlr_v2_1_0.mpd line 36 - tcl is overriding PARAMETER
   C_NUM_PPC_USED value to 1
INFO:MDT - IPNAME:plb0 INSTANCE:plb_v46 -
   /opt/Xilinx/10.1/EDK/hw/XilinxProcessorIPLib/pcores/plb_v46_v1_03_a/data/plb_
   v46_v2_1_0.mpd line 34 - tool is overriding PARAMETER C_PLBV46_NUM_MASTERS
   value to 2
INFO:MDT - IPNAME:plb0 INSTANCE:plb_v46 -
   /opt/Xilinx/10.1/EDK/hw/XilinxProcessorIPLib/pcores/plb_v46_v1_03_a/data/plb_
   v46_v2_1_0.mpd line 35 - tool is overriding PARAMETER C_PLBV46_NUM_SLAVES
   value to 3
INFO:MDT - IPNAME:plb0 INSTANCE:plb_v46 -
   /opt/Xilinx/10.1/EDK/hw/XilinxProcessorIPLib/pcores/plb_v46_v1_03_a/data/plb_
   v46_v2_1_0.mpd line 36 - tool is overriding PARAMETER C_PLBV46_MID_WIDTH
   value to 1
INFO:MDT - IPNAME:xps_bram_if_cntlr_1 INSTANCE:xps_bram_if_cntlr -
   /opt/Xilinx/10.1/EDK/hw/XilinxProcessorIPLib/pcores/xps_bram_if_cntlr_v1_00_a
   /data/xps_bram_if_cntlr_v2_1_0.mpd line 41 - tool is overriding PARAMETER
   C_SPLB_DWIDTH value to 64
INFO:MDT - IPNAME:xps_bram_if_cntlr_1 INSTANCE:xps_bram_if_cntlr -
   /opt/Xilinx/10.1/EDK/hw/XilinxProcessorIPLib/pcores/xps_bram_if_cntlr_v1_00_a
   /data/xps_bram_if_cntlr_v2_1_0.mpd line 46 - tool is overriding PARAMETER
   C_SPLB_SMALLEST_MASTER value to 64
INFO:MDT - IPNAME:plb_bram_if_cntlr_1_bram INSTANCE:bram_block -
   /opt/Xilinx/10.1/EDK/hw/XilinxProcessorIPLib/pcores/bram_block_v1_00_a/data/b
   ram_block_v2_1_0.mpd line 36 - tool is overriding PARAMETER C_MEMSIZE value
   to 0x10000
INFO:MDT - IPNAME:plb_bram_if_cntlr_1_bram INSTANCE:bram_block -
   /opt/Xilinx/10.1/EDK/hw/XilinxProcessorIPLib/pcores/bram_block_v1_00_a/data/b
   ram_block_v2_1_0.mpd line 37 - tool is overriding PARAMETER C_PORT_DWIDTH
   value to 64
INFO:MDT - IPNAME:plb_bram_if_cntlr_1_bram INSTANCE:bram_block -
   /opt/Xilinx/10.1/EDK/hw/XilinxProcessorIPLib/pcores/bram_block_v1_00_a/data/b
   ram_block_v2_1_0.mpd line 39 - tool is overriding PARAMETER C_NUM_WE value to
   8
INFO:MDT - IPNAME:RS232_Uart_1 INSTANCE:xps_uartlite -
   /opt/Xilinx/10.1/EDK/hw/XilinxProcessorIPLib/pcores/xps_uartlite_v1_00_a/data
   /xps_uartlite_v2_1_0.mpd line 42 - tool is overriding PARAMETER C_SPLB_DWIDTH
   value to 64
INFO:MDT - IPNAME:RS232_Uart_1 INSTANCE:xps_uartlite -
   /opt/Xilinx/10.1/EDK/hw/XilinxProcessorIPLib/pcores/xps_uartlite_v1_00_a/data
   /xps_uartlite_v2_1_0.mpd line 45 - tool is overriding PARAMETER
   C_SPLB_NUM_MASTERS value to 2
INFO:MDT - IPNAME:Ethernet_MAC INSTANCE:xps_ethernetlite -
   /opt/Xilinx/10.1/EDK/hw/XilinxProcessorIPLib/pcores/xps_ethernetlite_v2_00_b/
   data/xps_ethernetlite_v2_1_0.mpd line 43 - tool is overriding PARAMETER
   C_SPLB_DWIDTH value to 64

INFO:MDT - IPNAME:Ethernet_MAC INSTANCE:xps_ethernetlite -
   /opt/Xilinx/10.1/EDK/hw/XilinxProcessorIPLib/pcores/xps_ethernetlite_v2_00_b/
   data/xps_ethernetlite_v2_1_0.mpd line 46 - tool is overriding PARAMETER
   C_SPLB_NUM_MASTERS value to 2

Running system level Update ...

Running UPDATE Tcl procedures for OPTION SYSLEVEL_UPDATE_PROC...

Performing System level DRCs on properties...

Running DRC Tcl procedures for OPTION SYSLEVEL_DRC_PROC...

Check platform configuration ...
INFO:MDT - IPNAME:xps_ethernetlite INSTANCE:Ethernet_MAC -
   /home/alonso/Linux-on-FPGA/Hardware/BaseSystem/system.mhs line 103 - This
   design requires design constraints to guarantee performance.
   Please refer to the xps_ethernetlite_v2_00_a data sheet for details.  
   The PLB clock frequency must be greater than or equal to 50 MHz for 100 Mbs
   Ethernet operation and greater than or equal to 5.0 MHz for 10 Mbs Ethernet
   operation.

IPNAME:plb_v46 INSTANCE:plb0 -
/home/alonso/Linux-on-FPGA/Hardware/BaseSystem/system.mhs line 63 - 2 master(s)
: 3 slave(s)


Check port drivers...

WARNING:MDT - PORT:Peripheral_Reset CONNECTOR:sys_periph_reset -
   /home/alonso/Linux-on-FPGA/Hardware/BaseSystem/system.mhs line 147 - floating
   connection!


Performing Clock DRCs...


WARNING:MDT - /home/alonso/Linux-on-FPGA/Hardware/BaseSystem/system.mss line 20
   - PARAMETER CORE_CLOCK_FREQ_HZ is deprecated !. .
   To avoid seeing this Warning again, please remove PARAMETER
   CORE_CLOCK_FREQ_HZ.

INFO:MDT - List of peripherals addressable from processor instance ppc405_0 : 
  - xps_bram_if_cntlr_1
  - RS232_Uart_1
  - Ethernet_MAC

Building Directory Structure for ppc405_0


Generating platform libraries and device drivers ...

Running CopyFiles ...


Copying files for os standalone_v2_00_a from
/opt/Xilinx/10.1/EDK/sw/lib/bsp/standalone_v2_00_a/src/ to
/home/alonso/Linux-on-FPGA/Hardware/BaseSystem/ppc405_0/libsrc/standalone_v2_00_
a/ ...


Copying files for driver uartlite_v1_13_a from
/opt/Xilinx/10.1/EDK/sw/XilinxProcessorIPLib/drivers/uartlite_v1_13_a/src/ to
/home/alonso/Linux-on-FPGA/Hardware/BaseSystem/ppc405_0/libsrc/uartlite_v1_13_a/
...


Copying files for driver emaclite_v1_13_a from
/opt/Xilinx/10.1/EDK/sw/XilinxProcessorIPLib/drivers/emaclite_v1_13_a/src/ to
/home/alonso/Linux-on-FPGA/Hardware/BaseSystem/ppc405_0/libsrc/emaclite_v1_13_a/
...


Copying files for driver cpu_ppc405_v1_10_b from
/opt/Xilinx/10.1/EDK/sw/XilinxProcessorIPLib/drivers/cpu_ppc405_v1_10_b/src/ to
/home/alonso/Linux-on-FPGA/Hardware/BaseSystem/ppc405_0/libsrc/cpu_ppc405_v1_10_
b/ ...


Running DRCs for OSes, Drivers and Libraries ... 


Running generate for OS'es, Drivers and Libraries ... 


Running post_generate for OS'es, Drivers and Libraries ... 


Running make for Drivers and Libraries ... 

Configuring make for target include using:

gmake -s include "COMPILER=powerpc-eabi-gcc" "ARCHIVER=powerpc-eabi-ar"
"COMPILER_FLAGS= -O2 -c" "EXTRA_COMPILER_FLAGS=-g" 

/bin/bash: gmake: orden no encontrada

/bin/bash: gmake: orden no encontrada

/bin/bash: gmake: orden no encontrada

/bin/bash: gmake: orden no encontrada

/bin/bash: gmake: orden no encontrada

ERROR:MDT -  make failed for target "include" 

ERROR:MDT - Error while running "make" for processor ppc405_0...

make: *** [ppc405_0/lib/libxil.a] Error 2



Done!

At Local date and time: Sun Nov 30 17:55:01 2014
 make -f system.make program started...

*********************************************
Creating software libraries...
*********************************************
libgen -mhs system.mhs -p xc2vp30ff896-7 -lp /home/alonso/Linux-on-FPGA/Resources/lib/ system.mss

libgen
Xilinx EDK 10.1.03 Build EDK_K_SP3.6
Copyright (c) 1995-2008 Xilinx, Inc.  All rights reserved.


Command Line: libgen -mhs system.mhs -p xc2vp30ff896-7 -lp
/home/alonso/Linux-on-FPGA/Resources/lib/ system.mss 


Output Directory (-od)		: /home/alonso/Linux-on-FPGA/Hardware/BaseSystem/
Part (-p)			: virtex2p

Software Specification file	: system.mss


Overriding IP level properties ...


Performing IP level DRCs on properties...


Running DRC Tcl procedures for OPTION IPLEVEL_DRC_PROC...
Address Map for Processor ppc405_0
  (0b0000010000-0b0000010011) ppc405_0	
  (0b0000100000-0b0000100011) ppc405_0	
  (0x81000000-0x8100ffff) Ethernet_MAC	plb0
  (0x84000000-0x8400ffff) RS232_Uart_1	plb0
  (0xffff0000-0xffffffff) xps_bram_if_cntlr_1	plb0


Check platform address map ...
INFO:MDT - IPNAME:ppc405_0 INSTANCE:ppc405 -
   /opt/Xilinx/10.1/EDK/hw/XilinxProcessorIPLib/pcores/ppc405_v3_00_a/data/ppc40
   5_v2_1_0.mpd line 62 - tool is overriding PARAMETER C_DPLB0_P2P value to 0
INFO:MDT - IPNAME:ppc405_0 INSTANCE:ppc405 -
   /opt/Xilinx/10.1/EDK/hw/XilinxProcessorIPLib/pcores/ppc405_v3_00_a/data/ppc40
   5_v2_1_0.mpd line 64 - tool is overriding PARAMETER C_IPLB0_P2P value to 0

Computing clock values...


Overriding system level properties ...

INFO:MDT - IPNAME:jtagppc_cntlr_0 INSTANCE:jtagppc_cntlr -
   /opt/Xilinx/10.1/EDK/hw/XilinxProcessorIPLib/pcores/jtagppc_cntlr_v2_01_c/dat
   a/jtagppc_cntlr_v2_1_0.mpd line 36 - tcl is overriding PARAMETER
   C_NUM_PPC_USED value to 1
INFO:MDT - IPNAME:plb0 INSTANCE:plb_v46 -
   /opt/Xilinx/10.1/EDK/hw/XilinxProcessorIPLib/pcores/plb_v46_v1_03_a/data/plb_
   v46_v2_1_0.mpd line 34 - tool is overriding PARAMETER C_PLBV46_NUM_MASTERS
   value to 2
INFO:MDT - IPNAME:plb0 INSTANCE:plb_v46 -
   /opt/Xilinx/10.1/EDK/hw/XilinxProcessorIPLib/pcores/plb_v46_v1_03_a/data/plb_
   v46_v2_1_0.mpd line 35 - tool is overriding PARAMETER C_PLBV46_NUM_SLAVES
   value to 3
INFO:MDT - IPNAME:plb0 INSTANCE:plb_v46 -
   /opt/Xilinx/10.1/EDK/hw/XilinxProcessorIPLib/pcores/plb_v46_v1_03_a/data/plb_
   v46_v2_1_0.mpd line 36 - tool is overriding PARAMETER C_PLBV46_MID_WIDTH
   value to 1
INFO:MDT - IPNAME:xps_bram_if_cntlr_1 INSTANCE:xps_bram_if_cntlr -
   /opt/Xilinx/10.1/EDK/hw/XilinxProcessorIPLib/pcores/xps_bram_if_cntlr_v1_00_a
   /data/xps_bram_if_cntlr_v2_1_0.mpd line 41 - tool is overriding PARAMETER
   C_SPLB_DWIDTH value to 64
INFO:MDT - IPNAME:xps_bram_if_cntlr_1 INSTANCE:xps_bram_if_cntlr -
   /opt/Xilinx/10.1/EDK/hw/XilinxProcessorIPLib/pcores/xps_bram_if_cntlr_v1_00_a
   /data/xps_bram_if_cntlr_v2_1_0.mpd line 46 - tool is overriding PARAMETER
   C_SPLB_SMALLEST_MASTER value to 64
INFO:MDT - IPNAME:plb_bram_if_cntlr_1_bram INSTANCE:bram_block -
   /opt/Xilinx/10.1/EDK/hw/XilinxProcessorIPLib/pcores/bram_block_v1_00_a/data/b
   ram_block_v2_1_0.mpd line 36 - tool is overriding PARAMETER C_MEMSIZE value
   to 0x10000
INFO:MDT - IPNAME:plb_bram_if_cntlr_1_bram INSTANCE:bram_block -
   /opt/Xilinx/10.1/EDK/hw/XilinxProcessorIPLib/pcores/bram_block_v1_00_a/data/b
   ram_block_v2_1_0.mpd line 37 - tool is overriding PARAMETER C_PORT_DWIDTH
   value to 64
INFO:MDT - IPNAME:plb_bram_if_cntlr_1_bram INSTANCE:bram_block -
   /opt/Xilinx/10.1/EDK/hw/XilinxProcessorIPLib/pcores/bram_block_v1_00_a/data/b
   ram_block_v2_1_0.mpd line 39 - tool is overriding PARAMETER C_NUM_WE value to
   8
INFO:MDT - IPNAME:RS232_Uart_1 INSTANCE:xps_uartlite -
   /opt/Xilinx/10.1/EDK/hw/XilinxProcessorIPLib/pcores/xps_uartlite_v1_00_a/data
   /xps_uartlite_v2_1_0.mpd line 42 - tool is overriding PARAMETER C_SPLB_DWIDTH
   value to 64
INFO:MDT - IPNAME:RS232_Uart_1 INSTANCE:xps_uartlite -
   /opt/Xilinx/10.1/EDK/hw/XilinxProcessorIPLib/pcores/xps_uartlite_v1_00_a/data
   /xps_uartlite_v2_1_0.mpd line 45 - tool is overriding PARAMETER
   C_SPLB_NUM_MASTERS value to 2
INFO:MDT - IPNAME:Ethernet_MAC INSTANCE:xps_ethernetlite -
   /opt/Xilinx/10.1/EDK/hw/XilinxProcessorIPLib/pcores/xps_ethernetlite_v2_00_b/
   data/xps_ethernetlite_v2_1_0.mpd line 43 - tool is overriding PARAMETER
   C_SPLB_DWIDTH value to 64
INFO:MDT - IPNAME:Ethernet_MAC INSTANCE:xps_ethernetlite -
   /opt/Xilinx/10.1/EDK/hw/XilinxProcessorIPLib/pcores/xps_ethernetlite_v2_00_b/
   data/xps_ethernetlite_v2_1_0.mpd line 46 - tool is overriding PARAMETER
   C_SPLB_NUM_MASTERS value to 2


Running system level Update ...

Running UPDATE Tcl procedures for OPTION SYSLEVEL_UPDATE_PROC...

Performing System level DRCs on properties...

Running DRC Tcl procedures for OPTION SYSLEVEL_DRC_PROC...

Check platform configuration ...
INFO:MDT - IPNAME:xps_ethernetlite INSTANCE:Ethernet_MAC -
   /home/alonso/Linux-on-FPGA/Hardware/BaseSystem/system.mhs line 103 - This
   design requires design constraints to guarantee performance.
   Please refer to the xps_ethernetlite_v2_00_a data sheet for details.  
   The PLB clock frequency must be greater than or equal to 50 MHz for 100 Mbs
   Ethernet operation and greater than or equal to 5.0 MHz for 10 Mbs Ethernet
   operation.

IPNAME:plb_v46 INSTANCE:plb0 -
/home/alonso/Linux-on-FPGA/Hardware/BaseSystem/system.mhs line 63 - 2 master(s)
: 3 slave(s)


Check port drivers...

WARNING:MDT - PORT:Peripheral_Reset CONNECTOR:sys_periph_reset -
   /home/alonso/Linux-on-FPGA/Hardware/BaseSystem/system.mhs line 147 - floating
   connection!


Performing Clock DRCs...


WARNING:MDT - /home/alonso/Linux-on-FPGA/Hardware/BaseSystem/system.mss line 20
   - PARAMETER CORE_CLOCK_FREQ_HZ is deprecated !. .
   To avoid seeing this Warning again, please remove PARAMETER
   CORE_CLOCK_FREQ_HZ.

INFO:MDT - List of peripherals addressable from processor instance ppc405_0 : 
  - xps_bram_if_cntlr_1
  - RS232_Uart_1
  - Ethernet_MAC

Building Directory Structure for ppc405_0


Generating platform libraries and device drivers ...

Running CopyFiles ...


Copying files for os standalone_v2_00_a from
/opt/Xilinx/10.1/EDK/sw/lib/bsp/standalone_v2_00_a/src/ to
/home/alonso/Linux-on-FPGA/Hardware/BaseSystem/ppc405_0/libsrc/standalone_v2_00_
a/ ...


Copying files for driver uartlite_v1_13_a from
/opt/Xilinx/10.1/EDK/sw/XilinxProcessorIPLib/drivers/uartlite_v1_13_a/src/ to
/home/alonso/Linux-on-FPGA/Hardware/BaseSystem/ppc405_0/libsrc/uartlite_v1_13_a/
...


Copying files for driver emaclite_v1_13_a from
/opt/Xilinx/10.1/EDK/sw/XilinxProcessorIPLib/drivers/emaclite_v1_13_a/src/ to
/home/alonso/Linux-on-FPGA/Hardware/BaseSystem/ppc405_0/libsrc/emaclite_v1_13_a/
...


Copying files for driver cpu_ppc405_v1_10_b from
/opt/Xilinx/10.1/EDK/sw/XilinxProcessorIPLib/drivers/cpu_ppc405_v1_10_b/src/ to
/home/alonso/Linux-on-FPGA/Hardware/BaseSystem/ppc405_0/libsrc/cpu_ppc405_v1_10_
b/ ...


Running DRCs for OSes, Drivers and Libraries ... 


Running generate for OS'es, Drivers and Libraries ... 


Running post_generate for OS'es, Drivers and Libraries ... 


Running make for Drivers and Libraries ... 

Configuring make for target include using:

gmake -s include "COMPILER=powerpc-eabi-gcc" "ARCHIVER=powerpc-eabi-ar"
"COMPILER_FLAGS= -O2 -c" "EXTRA_COMPILER_FLAGS=-g" 


Configuring make for target libs using:


gmake -s libs "COMPILER=powerpc-eabi-gcc" "ARCHIVER=powerpc-eabi-ar"
"COMPILER_FLAGS= -O2 -c" "EXTRA_COMPILER_FLAGS=-g" 

Compiling common

powerpc-eabi-ar: 
creando ../../../lib/libxil.a

Compiling bsp

Compiling uartlite

Compiling emaclite

Compiling cpu_ppc405


Libraries generated in
/home/alonso/Linux-on-FPGA/Hardware/BaseSystem/ppc405_0/lib/ directory

Running execs_generate for OS'es, Drivers and Libraries ... 


LibGen Done. 

powerpc-eabi-gcc -O2 TestApp_Memory/src/TestApp_Memory.c  -o TestApp_Memory/executable.elf \
	     -Wl,-T -Wl,TestApp_Memory/src/TestApp_Memory_LinkScr.ld  -g    -I./ppc405_0/include/  -L./ppc405_0/lib/  \
	  

powerpc-eabi-size TestApp_Memory/executable.elf 

   text	   data	    bss	    dec	    hex	filename
   1642	    312	   8224	  10178	   27c2	TestApp_Memory/executable.elf


powerpc-eabi-gcc -O2 TestApp_Peripheral/src/TestApp_Peripheral.c TestApp_Peripheral/src/xemaclite_selftest_example.c  -o TestApp_Peripheral/executable.elf \
	     -Wl,-T -Wl,TestApp_Peripheral/src/TestApp_Peripheral_LinkScr.ld  -g    -I./ppc405_0/include/  -ITestApp_Peripheral/src/  -L./ppc405_0/lib/  \
	  

powerpc-eabi-size TestApp_Peripheral/executable.elf 

   text	   data	    bss	    dec	    hex	filename
   6170	    328	   8272	  14770	   39b2	TestApp_Peripheral/executable.elf




Done!

Xilinx Platform Studio (XPS)
Xilinx EDK 10.1.03 Build EDK_K_SP3.6

Copyright (c) 1995-2008 Xilinx, Inc.  All rights reserved.

At Local date and time: Sun Nov 30 17:58:34 2014
 make -f system.make program started...

*********************************************
Creating software libraries...
*********************************************
libgen -mhs system.mhs -p xc2vp30ff896-7 -lp /home/alonso/Linux-on-FPGA/Resources/lib/ system.mss

libgen

Xilinx EDK 10.1.03 Build EDK_K_SP3.6
Copyright (c) 1995-2008 Xilinx, Inc.  All rights reserved.


Command Line: libgen -mhs system.mhs -p xc2vp30ff896-7 -lp
/home/alonso/Linux-on-FPGA/Resources/lib/ system.mss 


Output Directory (-od)		: /home/alonso/Linux-on-FPGA/Hardware/BaseSystem/
Part (-p)			: virtex2p

Software Specification file	: system.mss


Overriding IP level properties ...


Performing IP level DRCs on properties...


Running DRC Tcl procedures for OPTION IPLEVEL_DRC_PROC...
Address Map for Processor ppc405_0
  (0b0000010000-0b0000010011) ppc405_0	
  (0b0000100000-0b0000100011) ppc405_0	
  (0x81000000-0x8100ffff) Ethernet_MAC	plb0
  (0x84000000-0x8400ffff) RS232_Uart_1	plb0
  (0xfffe8000-0xfffeffff) fpu_0	plb0
  (0xffff0000-0xffffffff) xps_bram_if_cntlr_1	plb0


Check platform address map ...
INFO:MDT - IPNAME:ppc405_0 INSTANCE:ppc405 -
   /opt/Xilinx/10.1/EDK/hw/XilinxProcessorIPLib/pcores/ppc405_v3_00_a/data/ppc40
   5_v2_1_0.mpd line 62 - tool is overriding PARAMETER C_DPLB0_P2P value to 0
INFO:MDT - IPNAME:ppc405_0 INSTANCE:ppc405 -
   /opt/Xilinx/10.1/EDK/hw/XilinxProcessorIPLib/pcores/ppc405_v3_00_a/data/ppc40
   5_v2_1_0.mpd line 64 - tool is overriding PARAMETER C_IPLB0_P2P value to 0

Computing clock values...


Overriding system level properties ...

INFO:MDT - IPNAME:jtagppc_cntlr_0 INSTANCE:jtagppc_cntlr -
   /opt/Xilinx/10.1/EDK/hw/XilinxProcessorIPLib/pcores/jtagppc_cntlr_v2_01_c/dat
   a/jtagppc_cntlr_v2_1_0.mpd line 36 - tcl is overriding PARAMETER
   C_NUM_PPC_USED value to 1
INFO:MDT - IPNAME:plb0 INSTANCE:plb_v46 -
   /opt/Xilinx/10.1/EDK/hw/XilinxProcessorIPLib/pcores/plb_v46_v1_03_a/data/plb_
   v46_v2_1_0.mpd line 34 - tool is overriding PARAMETER C_PLBV46_NUM_MASTERS
   value to 2
INFO:MDT - IPNAME:plb0 INSTANCE:plb_v46 -
   /opt/Xilinx/10.1/EDK/hw/XilinxProcessorIPLib/pcores/plb_v46_v1_03_a/data/plb_
   v46_v2_1_0.mpd line 35 - tool is overriding PARAMETER C_PLBV46_NUM_SLAVES
   value to 4
INFO:MDT - IPNAME:plb0 INSTANCE:plb_v46 -
   /opt/Xilinx/10.1/EDK/hw/XilinxProcessorIPLib/pcores/plb_v46_v1_03_a/data/plb_
   v46_v2_1_0.mpd line 36 - tool is overriding PARAMETER C_PLBV46_MID_WIDTH
   value to 1
INFO:MDT - IPNAME:xps_bram_if_cntlr_1 INSTANCE:xps_bram_if_cntlr -
   /opt/Xilinx/10.1/EDK/hw/XilinxProcessorIPLib/pcores/xps_bram_if_cntlr_v1_00_a
   /data/xps_bram_if_cntlr_v2_1_0.mpd line 41 - tool is overriding PARAMETER
   C_SPLB_DWIDTH value to 64
INFO:MDT - IPNAME:xps_bram_if_cntlr_1 INSTANCE:xps_bram_if_cntlr -
   /opt/Xilinx/10.1/EDK/hw/XilinxProcessorIPLib/pcores/xps_bram_if_cntlr_v1_00_a
   /data/xps_bram_if_cntlr_v2_1_0.mpd line 46 - tool is overriding PARAMETER
   C_SPLB_SMALLEST_MASTER value to 64
INFO:MDT - IPNAME:plb_bram_if_cntlr_1_bram INSTANCE:bram_block -
   /opt/Xilinx/10.1/EDK/hw/XilinxProcessorIPLib/pcores/bram_block_v1_00_a/data/b
   ram_block_v2_1_0.mpd line 36 - tool is overriding PARAMETER C_MEMSIZE value
   to 0x10000
INFO:MDT - IPNAME:plb_bram_if_cntlr_1_bram INSTANCE:bram_block -
   /opt/Xilinx/10.1/EDK/hw/XilinxProcessorIPLib/pcores/bram_block_v1_00_a/data/b
   ram_block_v2_1_0.mpd line 37 - tool is overriding PARAMETER C_PORT_DWIDTH
   value to 64
INFO:MDT - IPNAME:plb_bram_if_cntlr_1_bram INSTANCE:bram_block -
   /opt/Xilinx/10.1/EDK/hw/XilinxProcessorIPLib/pcores/bram_block_v1_00_a/data/b
   ram_block_v2_1_0.mpd line 39 - tool is overriding PARAMETER C_NUM_WE value to
   8

INFO:MDT - IPNAME:RS232_Uart_1 INSTANCE:xps_uartlite -
   /opt/Xilinx/10.1/EDK/hw/XilinxProcessorIPLib/pcores/xps_uartlite_v1_00_a/data
   /xps_uartlite_v2_1_0.mpd line 42 - tool is overriding PARAMETER C_SPLB_DWIDTH
   value to 64
INFO:MDT - IPNAME:RS232_Uart_1 INSTANCE:xps_uartlite -
   /opt/Xilinx/10.1/EDK/hw/XilinxProcessorIPLib/pcores/xps_uartlite_v1_00_a/data
   /xps_uartlite_v2_1_0.mpd line 45 - tool is overriding PARAMETER
   C_SPLB_NUM_MASTERS value to 2
INFO:MDT - IPNAME:Ethernet_MAC INSTANCE:xps_ethernetlite -
   /opt/Xilinx/10.1/EDK/hw/XilinxProcessorIPLib/pcores/xps_ethernetlite_v2_00_b/
   data/xps_ethernetlite_v2_1_0.mpd line 43 - tool is overriding PARAMETER
   C_SPLB_DWIDTH value to 64
INFO:MDT - IPNAME:Ethernet_MAC INSTANCE:xps_ethernetlite -
   /opt/Xilinx/10.1/EDK/hw/XilinxProcessorIPLib/pcores/xps_ethernetlite_v2_00_b/
   data/xps_ethernetlite_v2_1_0.mpd line 46 - tool is overriding PARAMETER
   C_SPLB_NUM_MASTERS value to 2
INFO:MDT - IPNAME:fpu_0 INSTANCE:fpu -
   /home/alonso/Linux-on-FPGA/Hardware/BaseSystem/pcores/fpu_v1_00_a/data/fpu_v2
   _1_0.mpd line 26 - tool is overriding PARAMETER C_SPLB_DWIDTH value to 64
INFO:MDT - IPNAME:fpu_0 INSTANCE:fpu -
   /home/alonso/Linux-on-FPGA/Hardware/BaseSystem/pcores/fpu_v1_00_a/data/fpu_v2
   _1_0.mpd line 27 - tool is overriding PARAMETER C_SPLB_NUM_MASTERS value to 2
INFO:MDT - IPNAME:fpu_0 INSTANCE:fpu -
   /home/alonso/Linux-on-FPGA/Hardware/BaseSystem/pcores/fpu_v1_00_a/data/fpu_v2
   _1_0.mpd line 28 - tool is overriding PARAMETER C_SPLB_MID_WIDTH value to 1
INFO:MDT - IPNAME:fpu_0 INSTANCE:fpu -
   /home/alonso/Linux-on-FPGA/Hardware/BaseSystem/pcores/fpu_v1_00_a/data/fpu_v2
   _1_0.mpd line 32 - tool is overriding PARAMETER C_SPLB_SMALLEST_MASTER value
   to 64

Running system level Update ...

Running UPDATE Tcl procedures for OPTION SYSLEVEL_UPDATE_PROC...

Performing System level DRCs on properties...

Running DRC Tcl procedures for OPTION SYSLEVEL_DRC_PROC...


Check platform configuration ...
INFO:MDT - IPNAME:xps_ethernetlite INSTANCE:Ethernet_MAC -
   /home/alonso/Linux-on-FPGA/Hardware/BaseSystem/system.mhs line 103 - This
   design requires design constraints to guarantee performance.
   Please refer to the xps_ethernetlite_v2_00_a data sheet for details.  
   The PLB clock frequency must be greater than or equal to 50 MHz for 100 Mbs
   Ethernet operation and greater than or equal to 5.0 MHz for 10 Mbs Ethernet
   operation.

IPNAME:plb_v46 INSTANCE:plb0 -
/home/alonso/Linux-on-FPGA/Hardware/BaseSystem/system.mhs line 63 - 2 master(s)
: 4 slave(s)


Check port drivers...

WARNING:MDT - PORT:Peripheral_Reset CONNECTOR:sys_periph_reset -
   /home/alonso/Linux-on-FPGA/Hardware/BaseSystem/system.mhs line 147 - floating
   connection!


Performing Clock DRCs...


WARNING:MDT - /home/alonso/Linux-on-FPGA/Hardware/BaseSystem/system.mss line 20
   - PARAMETER CORE_CLOCK_FREQ_HZ is deprecated !. .
   To avoid seeing this Warning again, please remove PARAMETER
   CORE_CLOCK_FREQ_HZ.

INFO:MDT - List of peripherals addressable from processor instance ppc405_0 : 
  - xps_bram_if_cntlr_1
  - RS232_Uart_1
  - Ethernet_MAC
  - fpu_0

Building Directory Structure for ppc405_0


Generating platform libraries and device drivers ...

Running CopyFiles ...


Copying files for os standalone_v2_00_a from
/opt/Xilinx/10.1/EDK/sw/lib/bsp/standalone_v2_00_a/src/ to
/home/alonso/Linux-on-FPGA/Hardware/BaseSystem/ppc405_0/libsrc/standalone_v2_00_
a/ ...


Copying files for driver uartlite_v1_13_a from
/opt/Xilinx/10.1/EDK/sw/XilinxProcessorIPLib/drivers/uartlite_v1_13_a/src/ to
/home/alonso/Linux-on-FPGA/Hardware/BaseSystem/ppc405_0/libsrc/uartlite_v1_13_a/
...


Copying files for driver emaclite_v1_13_a from
/opt/Xilinx/10.1/EDK/sw/XilinxProcessorIPLib/drivers/emaclite_v1_13_a/src/ to
/home/alonso/Linux-on-FPGA/Hardware/BaseSystem/ppc405_0/libsrc/emaclite_v1_13_a/
...


Copying files for driver fpu_v1_00_a from
/home/alonso/Linux-on-FPGA/Hardware/BaseSystem/drivers/fpu_v1_00_a/src/ to
/home/alonso/Linux-on-FPGA/Hardware/BaseSystem/ppc405_0/libsrc/fpu_v1_00_a/ ...


Copying files for driver cpu_ppc405_v1_10_b from
/opt/Xilinx/10.1/EDK/sw/XilinxProcessorIPLib/drivers/cpu_ppc405_v1_10_b/src/ to
/home/alonso/Linux-on-FPGA/Hardware/BaseSystem/ppc405_0/libsrc/cpu_ppc405_v1_10_
b/ ...


Running DRCs for OSes, Drivers and Libraries ... 


Running generate for OS'es, Drivers and Libraries ... 


Running post_generate for OS'es, Drivers and Libraries ... 


Running make for Drivers and Libraries ... 

Configuring make for target include using:

gmake -s include "COMPILER=powerpc-eabi-gcc" "ARCHIVER=powerpc-eabi-ar"
"COMPILER_FLAGS= -O2 -c" "EXTRA_COMPILER_FLAGS=-g" 


Configuring make for target libs using:


gmake -s libs "COMPILER=powerpc-eabi-gcc" "ARCHIVER=powerpc-eabi-ar"
"COMPILER_FLAGS= -O2 -c" "EXTRA_COMPILER_FLAGS=-g" 

Compiling common

powerpc-eabi-ar: creando ../../../lib/libxil.a

Compiling bsp

Compiling uartlite

Compiling emaclite

Compiling fpu

Compiling cpu_ppc405


Libraries generated in
/home/alonso/Linux-on-FPGA/Hardware/BaseSystem/ppc405_0/lib/ directory


Running execs_generate for OS'es, Drivers and Libraries ... 

LibGen Done. 

powerpc-eabi-gcc -O2 TestApp_Memory/src/TestApp_Memory.c  -o TestApp_Memory/executable.elf \
	     -Wl,-T -Wl,TestApp_Memory/src/TestApp_Memory_LinkScr.ld  -g    -I./ppc405_0/include/  -L./ppc405_0/lib/  \
	  

powerpc-eabi-size TestApp_Memory/executable.elf 

   text	   data	    bss	    dec	    hex	filename
   1642	    312	   8224	  10178	   27c2	TestApp_Memory/executable.elf



powerpc-eabi-gcc -O2 TestApp_Peripheral/src/TestApp_Peripheral.c TestApp_Peripheral/src/xemaclite_selftest_example.c  -o TestApp_Peripheral/executable.elf \
	     -Wl,-T -Wl,TestApp_Peripheral/src/TestApp_Peripheral_LinkScr.ld  -g    -I./ppc405_0/include/  -ITestApp_Peripheral/src/  -L./ppc405_0/lib/  \
	  

powerpc-eabi-size TestApp_Peripheral/executable.elf 

   text	   data	    bss	    dec	    hex	filename
   6170	    328	   8272	  14770	   39b2	TestApp_Peripheral/executable.elf




Done!

At Local date and time: Sun Nov 30 17:58:43 2014
 make -f system.make libs started...

make: No se hace nada para «libs».



Done!

At Local date and time: Sun Nov 30 17:58:58 2014
 make -f system.make init_bram started...

****************************************************

Creating system netlist for hardware specification..
****************************************************
platgen -p xc2vp30ff896-7 -lang vhdl -lp /home/alonso/Linux-on-FPGA/Resources/lib/  system.mhs


Release Xilinx EDK 10.1.03 - platgen EDK_K_SP3.6
Copyright (c) 1995-2008 Xilinx, Inc.  All rights reserved.



Command Line: platgen -p xc2vp30ff896-7 -lang vhdl -lp
/home/alonso/Linux-on-FPGA/Resources/lib/ system.mhs 


Parse system.mhs ...


Read MPD definitions ...


Overriding IP level properties ...


Performing IP level DRCs on properties...


Running DRC Tcl procedures for OPTION IPLEVEL_DRC_PROC...
Address Map for Processor ppc405_0
  (0b0000010000-0b0000010011) ppc405_0	
  (0b0000100000-0b0000100011) ppc405_0	
  (0x81000000-0x8100ffff) Ethernet_MAC	plb0
  (0x84000000-0x8400ffff) RS232_Uart_1	plb0
  (0xfffe8000-0xfffeffff) fpu_0	plb0
  (0xffff0000-0xffffffff) xps_bram_if_cntlr_1	plb0


Check platform address map ...

INFO:MDT - IPNAME:ppc405_0 INSTANCE:ppc405 -
   /opt/Xilinx/10.1/EDK/hw/XilinxProcessorIPLib/pcores/ppc405_v3_00_a/data/ppc40
   5_v2_1_0.mpd line 62 - tool is overriding PARAMETER C_DPLB0_P2P value to 0
INFO:MDT - IPNAME:ppc405_0 INSTANCE:ppc405 -
   /opt/Xilinx/10.1/EDK/hw/XilinxProcessorIPLib/pcores/ppc405_v3_00_a/data/ppc40
   5_v2_1_0.mpd line 64 - tool is overriding PARAMETER C_IPLB0_P2P value to 0

Computing clock values...


Overriding system level properties ...

INFO:MDT - IPNAME:jtagppc_cntlr_0 INSTANCE:jtagppc_cntlr -
   /opt/Xilinx/10.1/EDK/hw/XilinxProcessorIPLib/pcores/jtagppc_cntlr_v2_01_c/dat
   a/jtagppc_cntlr_v2_1_0.mpd line 36 - tcl is overriding PARAMETER
   C_NUM_PPC_USED value to 1
INFO:MDT - IPNAME:plb0 INSTANCE:plb_v46 -
   /opt/Xilinx/10.1/EDK/hw/XilinxProcessorIPLib/pcores/plb_v46_v1_03_a/data/plb_
   v46_v2_1_0.mpd line 34 - tool is overriding PARAMETER C_PLBV46_NUM_MASTERS
   value to 2
INFO:MDT - IPNAME:plb0 INSTANCE:plb_v46 -
   /opt/Xilinx/10.1/EDK/hw/XilinxProcessorIPLib/pcores/plb_v46_v1_03_a/data/plb_
   v46_v2_1_0.mpd line 35 - tool is overriding PARAMETER C_PLBV46_NUM_SLAVES
   value to 4
INFO:MDT - IPNAME:plb0 INSTANCE:plb_v46 -
   /opt/Xilinx/10.1/EDK/hw/XilinxProcessorIPLib/pcores/plb_v46_v1_03_a/data/plb_
   v46_v2_1_0.mpd line 36 - tool is overriding PARAMETER C_PLBV46_MID_WIDTH
   value to 1
INFO:MDT - IPNAME:xps_bram_if_cntlr_1 INSTANCE:xps_bram_if_cntlr -
   /opt/Xilinx/10.1/EDK/hw/XilinxProcessorIPLib/pcores/xps_bram_if_cntlr_v1_00_a
   /data/xps_bram_if_cntlr_v2_1_0.mpd line 41 - tool is overriding PARAMETER
   C_SPLB_DWIDTH value to 64
INFO:MDT - IPNAME:xps_bram_if_cntlr_1 INSTANCE:xps_bram_if_cntlr -
   /opt/Xilinx/10.1/EDK/hw/XilinxProcessorIPLib/pcores/xps_bram_if_cntlr_v1_00_a
   /data/xps_bram_if_cntlr_v2_1_0.mpd line 46 - tool is overriding PARAMETER
   C_SPLB_SMALLEST_MASTER value to 64

INFO:MDT - IPNAME:plb_bram_if_cntlr_1_bram INSTANCE:bram_block -
   /opt/Xilinx/10.1/EDK/hw/XilinxProcessorIPLib/pcores/bram_block_v1_00_a/data/b
   ram_block_v2_1_0.mpd line 36 - tool is overriding PARAMETER C_MEMSIZE value
   to 0x10000
INFO:MDT - IPNAME:plb_bram_if_cntlr_1_bram INSTANCE:bram_block -
   /opt/Xilinx/10.1/EDK/hw/XilinxProcessorIPLib/pcores/bram_block_v1_00_a/data/b
   ram_block_v2_1_0.mpd line 37 - tool is overriding PARAMETER C_PORT_DWIDTH
   value to 64
INFO:MDT - IPNAME:plb_bram_if_cntlr_1_bram INSTANCE:bram_block -
   /opt/Xilinx/10.1/EDK/hw/XilinxProcessorIPLib/pcores/bram_block_v1_00_a/data/b
   ram_block_v2_1_0.mpd line 39 - tool is overriding PARAMETER C_NUM_WE value to
   8
INFO:MDT - IPNAME:RS232_Uart_1 INSTANCE:xps_uartlite -
   /opt/Xilinx/10.1/EDK/hw/XilinxProcessorIPLib/pcores/xps_uartlite_v1_00_a/data
   /xps_uartlite_v2_1_0.mpd line 42 - tool is overriding PARAMETER C_SPLB_DWIDTH
   value to 64
INFO:MDT - IPNAME:RS232_Uart_1 INSTANCE:xps_uartlite -
   /opt/Xilinx/10.1/EDK/hw/XilinxProcessorIPLib/pcores/xps_uartlite_v1_00_a/data
   /xps_uartlite_v2_1_0.mpd line 45 - tool is overriding PARAMETER
   C_SPLB_NUM_MASTERS value to 2
INFO:MDT - IPNAME:Ethernet_MAC INSTANCE:xps_ethernetlite -
   /opt/Xilinx/10.1/EDK/hw/XilinxProcessorIPLib/pcores/xps_ethernetlite_v2_00_b/
   data/xps_ethernetlite_v2_1_0.mpd line 43 - tool is overriding PARAMETER
   C_SPLB_DWIDTH value to 64
INFO:MDT - IPNAME:Ethernet_MAC INSTANCE:xps_ethernetlite -
   /opt/Xilinx/10.1/EDK/hw/XilinxProcessorIPLib/pcores/xps_ethernetlite_v2_00_b/
   data/xps_ethernetlite_v2_1_0.mpd line 46 - tool is overriding PARAMETER
   C_SPLB_NUM_MASTERS value to 2
INFO:MDT - IPNAME:fpu_0 INSTANCE:fpu -
   /home/alonso/Linux-on-FPGA/Hardware/BaseSystem/pcores/fpu_v1_00_a/data/fpu_v2
   _1_0.mpd line 26 - tool is overriding PARAMETER C_SPLB_DWIDTH value to 64
INFO:MDT - IPNAME:fpu_0 INSTANCE:fpu -
   /home/alonso/Linux-on-FPGA/Hardware/BaseSystem/pcores/fpu_v1_00_a/data/fpu_v2
   _1_0.mpd line 27 - tool is overriding PARAMETER C_SPLB_NUM_MASTERS value to 2
INFO:MDT - IPNAME:fpu_0 INSTANCE:fpu -
   /home/alonso/Linux-on-FPGA/Hardware/BaseSystem/pcores/fpu_v1_00_a/data/fpu_v2
   _1_0.mpd line 28 - tool is overriding PARAMETER C_SPLB_MID_WIDTH value to 1
INFO:MDT - IPNAME:fpu_0 INSTANCE:fpu -
   /home/alonso/Linux-on-FPGA/Hardware/BaseSystem/pcores/fpu_v1_00_a/data/fpu_v2
   _1_0.mpd line 32 - tool is overriding PARAMETER C_SPLB_SMALLEST_MASTER value
   to 64

Running system level Update ...

Running UPDATE Tcl procedures for OPTION SYSLEVEL_UPDATE_PROC...

Performing System level DRCs on properties...


Running DRC Tcl procedures for OPTION SYSLEVEL_DRC_PROC...

Check platform configuration ...
INFO:MDT - IPNAME:xps_ethernetlite INSTANCE:Ethernet_MAC -
   /home/alonso/Linux-on-FPGA/Hardware/BaseSystem/system.mhs line 103 - This
   design requires design constraints to guarantee performance.
   Please refer to the xps_ethernetlite_v2_00_a data sheet for details.  
   The PLB clock frequency must be greater than or equal to 50 MHz for 100 Mbs
   Ethernet operation and greater than or equal to 5.0 MHz for 10 Mbs Ethernet
   operation.

IPNAME:plb_v46 INSTANCE:plb0 -
/home/alonso/Linux-on-FPGA/Hardware/BaseSystem/system.mhs line 63 - 2 master(s)
: 4 slave(s)


Check port drivers...

WARNING:MDT - PORT:Peripheral_Reset CONNECTOR:sys_periph_reset -
   /home/alonso/Linux-on-FPGA/Hardware/BaseSystem/system.mhs line 147 - floating
   connection!


Performing Clock DRCs...



Running UPDATE Tcl procedures for OPTION PLATGEN_SYSLEVEL_UPDATE_PROC...

INFO: The Ethernet_MAC core has constraints automatically generated by XPS in
implementation/ethernet_mac_wrapper/ethernet_mac_wrapper.ucf.
It can be overridden by constraints placed in the system.ucf file.


Modify defaults ...

Creating stub ...


Processing licensed instances ...

Completion time: 0.00 seconds

Creating hardware output directories ...

Managing hardware (BBD-specified) netlist files ...
IPNAME:xps_ethernetlite INSTANCE:ethernet_mac -
/home/alonso/Linux-on-FPGA/Hardware/BaseSystem/system.mhs line 103 - Copying
(BBD-specified) netlist files.


Managing cache ...


Elaborating instances ...

IPNAME:bram_block INSTANCE:plb_bram_if_cntlr_1_bram -
/home/alonso/Linux-on-FPGA/Hardware/BaseSystem/system.mhs line 82 - elaborating
IP


Writing HDL for elaborated instances ...


Inserting wrapper level ...

Completion time: 0.00 seconds


Constructing platform-level connectivity ...

Completion time: 0.00 seconds


Writing (top-level) BMM ...


Writing (top-level and wrappers) HDL ...


Generating synthesis project file ...


Running XST synthesis ...

INFO:MDT - The following instances are synthesized with XST. The MPD option
   IMP_NETLIST=TRUE indicates that a NGC file is to be produced using XST
   synthesis. IMP_NETLIST=FALSE (default) instances are not synthesized.
INSTANCE:ppc405_0 - /home/alonso/Linux-on-FPGA/Hardware/BaseSystem/system.mhs
line 46 - Running XST synthesis

INSTANCE:jtagppc_cntlr_0 -
/home/alonso/Linux-on-FPGA/Hardware/BaseSystem/system.mhs line 57 - Running XST
synthesis

INSTANCE:plb0 - /home/alonso/Linux-on-FPGA/Hardware/BaseSystem/system.mhs line
63 - Running XST synthesis

INSTANCE:xps_bram_if_cntlr_1 -
/home/alonso/Linux-on-FPGA/Hardware/BaseSystem/system.mhs line 72 - Running XST
synthesis

INSTANCE:plb_bram_if_cntlr_1_bram -
/home/alonso/Linux-on-FPGA/Hardware/BaseSystem/system.mhs line 82 - Running XST
synthesis

INSTANCE:rs232_uart_1 -
/home/alonso/Linux-on-FPGA/Hardware/BaseSystem/system.mhs line 88 - Running XST
synthesis

INSTANCE:ethernet_mac -
/home/alonso/Linux-on-FPGA/Hardware/BaseSystem/system.mhs line 103 - Running XST
synthesis

INSTANCE:clock_generator_0 -
/home/alonso/Linux-on-FPGA/Hardware/BaseSystem/system.mhs line 123 - Running XST
synthesis

INSTANCE:proc_sys_reset_0 -
/home/alonso/Linux-on-FPGA/Hardware/BaseSystem/system.mhs line 138 - Running XST
synthesis

INSTANCE:fpu_0 - /home/alonso/Linux-on-FPGA/Hardware/BaseSystem/system.mhs line
150 - Running XST synthesis


Running NGCBUILD ...

IPNAME:ppc405_0_wrapper INSTANCE:ppc405_0 -
/home/alonso/Linux-on-FPGA/Hardware/BaseSystem/system.mhs line 46 - Running
NGCBUILD

PMSPEC -- Overriding Xilinx file
</opt/Xilinx/10.1/EDK/virtex2p/data/virtex2p.acd> with local file
</opt/Xilinx/10.1/ISE/virtex2p/data/virtex2p.acd>



Command Line: /opt/Xilinx/10.1/ISE/bin/lin/unwrapped/ngcbuild -p xc2vp30ff896-7
-intstyle silent -uc ppc405_0_wrapper.ucf -sd .. ppc405_0_wrapper.ngc
../ppc405_0_wrapper.ngc


Reading NGO file
"/home/alonso/Linux-on-FPGA/Hardware/BaseSystem/implementation/ppc405_0_wrapper/
ppc405_0_wrapper.ngc" ...



Applying constraints in "ppc405_0_wrapper.ucf" to the design...


Partition Implementation Status
-------------------------------


  No Partitions were found in this design.

-------------------------------

NGCBUILD Design Results Summary:
  Number of errors:     0
  Number of warnings:   0

Writing NGC file "../ppc405_0_wrapper.ngc" ...



Writing NGCBUILD log file "../ppc405_0_wrapper.blc"...

NGCBUILD done.

IPNAME:rs232_uart_1_wrapper INSTANCE:rs232_uart_1 -
/home/alonso/Linux-on-FPGA/Hardware/BaseSystem/system.mhs line 88 - Running
NGCBUILD

PMSPEC -- Overriding Xilinx file
</opt/Xilinx/10.1/EDK/virtex2p/data/virtex2p.acd> with local file
</opt/Xilinx/10.1/ISE/virtex2p/data/virtex2p.acd>



Command Line: /opt/Xilinx/10.1/ISE/bin/lin/unwrapped/ngcbuild -p xc2vp30ff896-7
-intstyle silent -sd .. rs232_uart_1_wrapper.ngc ../rs232_uart_1_wrapper.ngc


Reading NGO file
"/home/alonso/Linux-on-FPGA/Hardware/BaseSystem/implementation/rs232_uart_1_wrap
per/rs232_uart_1_wrapper.ngc" ...


Partition Implementation Status

-------------------------------

  No Partitions were found in this design.

-------------------------------

NGCBUILD Design Results Summary:
  Number of errors:     0
  Number of warnings:   0

Writing NGC file "../rs232_uart_1_wrapper.ngc" ...



Writing NGCBUILD log file "../rs232_uart_1_wrapper.blc"...

NGCBUILD done.

IPNAME:ethernet_mac_wrapper INSTANCE:ethernet_mac -
/home/alonso/Linux-on-FPGA/Hardware/BaseSystem/system.mhs line 103 - Running
NGCBUILD

PMSPEC -- Overriding Xilinx file
</opt/Xilinx/10.1/EDK/virtex2p/data/virtex2p.acd> with local file
</opt/Xilinx/10.1/ISE/virtex2p/data/virtex2p.acd>



Command Line: /opt/Xilinx/10.1/ISE/bin/lin/unwrapped/ngcbuild -p xc2vp30ff896-7
-intstyle silent -uc ethernet_mac_wrapper.ucf -sd .. ethernet_mac_wrapper.ngc
../ethernet_mac_wrapper.ngc


Reading NGO file
"/home/alonso/Linux-on-FPGA/Hardware/BaseSystem/implementation/ethernet_mac_wrap
per/ethernet_mac_wrapper.ngc" ...

Executing edif2ngd -noa "ethernetlite_v1_01_b_dmem_v2.edn"
"ethernetlite_v1_01_b_dmem_v2.ngo"

Release 10.1.03 - edif2ngd K.39 (lin)
Copyright (c) 1995-2008 Xilinx, Inc.  All rights reserved.
INFO:NgdBuild - Release 10.1.03 edif2ngd K.39 (lin)
INFO:NgdBuild - Copyright (c) 1995-2008 Xilinx, Inc.  All rights reserved.
PMSPEC -- Overriding Xilinx file </opt/Xilinx/10.1/EDK/data/edif2ngd.pfd> with
local file </opt/Xilinx/10.1/ISE/data/edif2ngd.pfd>
Writing module to "ethernetlite_v1_01_b_dmem_v2.ngo"...

Loading design module
"/home/alonso/Linux-on-FPGA/Hardware/BaseSystem/implementation/ethernet_mac_wrap
per/ethernetlite_v1_01_b_dmem_v2.ngo"...



Applying constraints in "ethernet_mac_wrapper.ucf" to the design...


Partition Implementation Status

-------------------------------

  No Partitions were found in this design.

-------------------------------

NGCBUILD Design Results Summary:
  Number of errors:     0
  Number of warnings:   0

Writing NGC file "../ethernet_mac_wrapper.ngc" ...



Writing NGCBUILD log file "../ethernet_mac_wrapper.blc"...

NGCBUILD done.


Rebuilding cache ...


Total run time: 196.00 seconds

Running synthesis...

bash -c "cd synthesis; ./synthesis.sh"

xst -ifn system_xst.scr -intstyle silent
Running XST synthesis ...

XST completed

Release 10.1.03 - ngcbuild K.39 (lin)
Copyright (c) 1995-2008 Xilinx, Inc.  All rights reserved.

Overriding Xilinx file <ngcflow.csf> with local file
</opt/Xilinx/10.1/ISE/data/ngcflow.csf>


Command Line: /opt/Xilinx/10.1/ISE/bin/lin/unwrapped/ngcbuild ./system.ngc
../implementation/system.ngc


Reading NGO file
"/home/alonso/Linux-on-FPGA/Hardware/BaseSystem/synthesis/system.ngc" ...


Partition Implementation Status

-------------------------------

  No Partitions were found in this design.

-------------------------------

NGCBUILD Design Results Summary:
  Number of errors:     0
  Number of warnings:   0

Writing NGC file "../implementation/system.ngc" ...



Writing NGCBUILD log file "../implementation/system.blc"...

NGCBUILD done.

*********************************************

Running Xilinx Implementation tools..
*********************************************

xilperl /opt/Xilinx/10.1/EDK/data/fpga_impl/manage_fastruntime_opt.pl -reduce_fanout no

/opt/Xilinx/10.1/ISE/bin/lin/unwrapped/xilperl: error while loading shared libraries: libdb-4.1.so: cannot open shared object file: No such file or directory

make: *** [__xps/system_routed] Error 127



Done!

At Local date and time: Sun Nov 30 18:18:13 2014
 make -f system.make libs started...

make: No se hace nada para «libs».



Done!

At Local date and time: Sun Nov 30 18:18:22 2014
 make -f system.make init_bram started...

*********************************************

Running Xilinx Implementation tools..
*********************************************

xilperl /opt/Xilinx/10.1/EDK/data/fpga_impl/manage_fastruntime_opt.pl -reduce_fanout no

/opt/Xilinx/10.1/ISE/bin/lin/unwrapped/xilperl: error while loading shared libraries: libdb-4.1.so: cannot open shared object file: No such file or directory

make: *** [__xps/system_routed] Error 127



Done!

Xilinx Platform Studio (XPS)
Xilinx EDK 10.1.03 Build EDK_K_SP3.6

Copyright (c) 1995-2008 Xilinx, Inc.  All rights reserved.

At Local date and time: Sun Nov 30 18:19:44 2014
 make -f system.make init_bram started...

*********************************************

Running Xilinx Implementation tools..
*********************************************

xilperl /opt/Xilinx/10.1/EDK/data/fpga_impl/manage_fastruntime_opt.pl -reduce_fanout no

/opt/Xilinx/10.1/ISE/bin/lin/unwrapped/xilperl: error while loading shared libraries: libdb-4.1.so: cannot open shared object file: No such file or directory

make: *** [__xps/system_routed] Error 127



Done!

Xilinx Platform Studio (XPS)
Xilinx EDK 10.1.03 Build EDK_K_SP3.6

Copyright (c) 1995-2008 Xilinx, Inc.  All rights reserved.

At Local date and time: Sun Nov 30 18:27:50 2014
 make -f system.make init_bram started...

*********************************************

Running Xilinx Implementation tools..
*********************************************
xilperl /opt/Xilinx/10.1/EDK/data/fpga_impl/manage_fastruntime_opt.pl -reduce_fanout no

/opt/Xilinx/10.1/ISE/bin/lin/unwrapped/xilperl: error while loading shared libraries: libdb-4.1.so: cannot open shared object file: No such file or directory

make: *** [__xps/system_routed] Error 127



Done!

Saved MSS File.

Xilinx Platform Studio (XPS)
Xilinx EDK 10.1.03 Build EDK_K_SP3.6

Copyright (c) 1995-2008 Xilinx, Inc.  All rights reserved.

At Local date and time: Sun Nov 30 18:58:25 2014
 make -f system.make init_bram started...

*********************************************

Running Xilinx Implementation tools..
*********************************************

xilperl /opt/Xilinx/10.1/EDK/data/fpga_impl/manage_fastruntime_opt.pl -reduce_fanout no

/opt/Xilinx/10.1/ISE/bin/lin/unwrapped/xilperl: error while loading shared libraries: libdb-4.1.so: cannot open shared object file: No such file or directory

make: *** [__xps/system_routed] Error 127



Done!

Xilinx Platform Studio (XPS)
Xilinx EDK 10.1.03 Build EDK_K_SP3.6

Copyright (c) 1995-2008 Xilinx, Inc.  All rights reserved.

At Local date and time: Sun Nov 30 20:06:08 2014
 make -f system.make program started...

*********************************************
Creating software libraries...
*********************************************
libgen -mhs system.mhs -p xc2vp30ff896-7  system.mss

libgen
Xilinx EDK 10.1.03 Build EDK_K_SP3.6
Copyright (c) 1995-2008 Xilinx, Inc.  All rights reserved.


Command Line: libgen -mhs system.mhs -p xc2vp30ff896-7 system.mss 


Output Directory (-od)		: /home/alonso/Linux-on-FPGA/Hardware/BaseSystem/
Part (-p)			: virtex2p

Software Specification file	: system.mss


Overriding IP level properties ...


Performing IP level DRCs on properties...


Running DRC Tcl procedures for OPTION IPLEVEL_DRC_PROC...
Address Map for Processor ppc405_0
  (0b0000010000-0b0000010011) ppc405_0	
  (0b0000100000-0b0000100011) ppc405_0	
  (0x81000000-0x8100ffff) Ethernet_MAC	plb0
  (0x84000000-0x8400ffff) RS232_Uart_1	plb0
  (0xfffe8000-0xfffeffff) fpu_0	plb0
  (0xffff0000-0xffffffff) xps_bram_if_cntlr_1	plb0


Check platform address map ...
INFO:MDT - IPNAME:ppc405_0 INSTANCE:ppc405 -
   /opt/Xilinx/10.1/EDK/hw/XilinxProcessorIPLib/pcores/ppc405_v3_00_a/data/ppc40
   5_v2_1_0.mpd line 62 - tool is overriding PARAMETER C_DPLB0_P2P value to 0

INFO:MDT - IPNAME:ppc405_0 INSTANCE:ppc405 -
   /opt/Xilinx/10.1/EDK/hw/XilinxProcessorIPLib/pcores/ppc405_v3_00_a/data/ppc40
   5_v2_1_0.mpd line 64 - tool is overriding PARAMETER C_IPLB0_P2P value to 0

Computing clock values...


Overriding system level properties ...

INFO:MDT - IPNAME:jtagppc_cntlr_0 INSTANCE:jtagppc_cntlr -
   /opt/Xilinx/10.1/EDK/hw/XilinxProcessorIPLib/pcores/jtagppc_cntlr_v2_01_c/dat
   a/jtagppc_cntlr_v2_1_0.mpd line 36 - tcl is overriding PARAMETER
   C_NUM_PPC_USED value to 1
INFO:MDT - IPNAME:plb0 INSTANCE:plb_v46 -
   /opt/Xilinx/10.1/EDK/hw/XilinxProcessorIPLib/pcores/plb_v46_v1_03_a/data/plb_
   v46_v2_1_0.mpd line 34 - tool is overriding PARAMETER C_PLBV46_NUM_MASTERS
   value to 2
INFO:MDT - IPNAME:plb0 INSTANCE:plb_v46 -
   /opt/Xilinx/10.1/EDK/hw/XilinxProcessorIPLib/pcores/plb_v46_v1_03_a/data/plb_
   v46_v2_1_0.mpd line 35 - tool is overriding PARAMETER C_PLBV46_NUM_SLAVES
   value to 4
INFO:MDT - IPNAME:plb0 INSTANCE:plb_v46 -
   /opt/Xilinx/10.1/EDK/hw/XilinxProcessorIPLib/pcores/plb_v46_v1_03_a/data/plb_
   v46_v2_1_0.mpd line 36 - tool is overriding PARAMETER C_PLBV46_MID_WIDTH
   value to 1
INFO:MDT - IPNAME:xps_bram_if_cntlr_1 INSTANCE:xps_bram_if_cntlr -
   /opt/Xilinx/10.1/EDK/hw/XilinxProcessorIPLib/pcores/xps_bram_if_cntlr_v1_00_a
   /data/xps_bram_if_cntlr_v2_1_0.mpd line 41 - tool is overriding PARAMETER
   C_SPLB_DWIDTH value to 64
INFO:MDT - IPNAME:xps_bram_if_cntlr_1 INSTANCE:xps_bram_if_cntlr -
   /opt/Xilinx/10.1/EDK/hw/XilinxProcessorIPLib/pcores/xps_bram_if_cntlr_v1_00_a
   /data/xps_bram_if_cntlr_v2_1_0.mpd line 46 - tool is overriding PARAMETER
   C_SPLB_SMALLEST_MASTER value to 64

INFO:MDT - IPNAME:plb_bram_if_cntlr_1_bram INSTANCE:bram_block -
   /opt/Xilinx/10.1/EDK/hw/XilinxProcessorIPLib/pcores/bram_block_v1_00_a/data/b
   ram_block_v2_1_0.mpd line 36 - tool is overriding PARAMETER C_MEMSIZE value
   to 0x10000
INFO:MDT - IPNAME:plb_bram_if_cntlr_1_bram INSTANCE:bram_block -
   /opt/Xilinx/10.1/EDK/hw/XilinxProcessorIPLib/pcores/bram_block_v1_00_a/data/b
   ram_block_v2_1_0.mpd line 37 - tool is overriding PARAMETER C_PORT_DWIDTH
   value to 64
INFO:MDT - IPNAME:plb_bram_if_cntlr_1_bram INSTANCE:bram_block -
   /opt/Xilinx/10.1/EDK/hw/XilinxProcessorIPLib/pcores/bram_block_v1_00_a/data/b
   ram_block_v2_1_0.mpd line 39 - tool is overriding PARAMETER C_NUM_WE value to
   8
INFO:MDT - IPNAME:RS232_Uart_1 INSTANCE:xps_uartlite -
   /opt/Xilinx/10.1/EDK/hw/XilinxProcessorIPLib/pcores/xps_uartlite_v1_00_a/data
   /xps_uartlite_v2_1_0.mpd line 42 - tool is overriding PARAMETER C_SPLB_DWIDTH
   value to 64
INFO:MDT - IPNAME:RS232_Uart_1 INSTANCE:xps_uartlite -
   /opt/Xilinx/10.1/EDK/hw/XilinxProcessorIPLib/pcores/xps_uartlite_v1_00_a/data
   /xps_uartlite_v2_1_0.mpd line 45 - tool is overriding PARAMETER
   C_SPLB_NUM_MASTERS value to 2
INFO:MDT - IPNAME:Ethernet_MAC INSTANCE:xps_ethernetlite -
   /opt/Xilinx/10.1/EDK/hw/XilinxProcessorIPLib/pcores/xps_ethernetlite_v2_00_b/
   data/xps_ethernetlite_v2_1_0.mpd line 43 - tool is overriding PARAMETER
   C_SPLB_DWIDTH value to 64
INFO:MDT - IPNAME:Ethernet_MAC INSTANCE:xps_ethernetlite -
   /opt/Xilinx/10.1/EDK/hw/XilinxProcessorIPLib/pcores/xps_ethernetlite_v2_00_b/
   data/xps_ethernetlite_v2_1_0.mpd line 46 - tool is overriding PARAMETER
   C_SPLB_NUM_MASTERS value to 2
INFO:MDT - IPNAME:fpu_0 INSTANCE:fpu -
   /home/alonso/Linux-on-FPGA/Hardware/BaseSystem/pcores/fpu_v1_00_a/data/fpu_v2
   _1_0.mpd line 26 - tool is overriding PARAMETER C_SPLB_DWIDTH value to 64
INFO:MDT - IPNAME:fpu_0 INSTANCE:fpu -
   /home/alonso/Linux-on-FPGA/Hardware/BaseSystem/pcores/fpu_v1_00_a/data/fpu_v2
   _1_0.mpd line 27 - tool is overriding PARAMETER C_SPLB_NUM_MASTERS value to 2
INFO:MDT - IPNAME:fpu_0 INSTANCE:fpu -
   /home/alonso/Linux-on-FPGA/Hardware/BaseSystem/pcores/fpu_v1_00_a/data/fpu_v2
   _1_0.mpd line 28 - tool is overriding PARAMETER C_SPLB_MID_WIDTH value to 1
INFO:MDT - IPNAME:fpu_0 INSTANCE:fpu -
   /home/alonso/Linux-on-FPGA/Hardware/BaseSystem/pcores/fpu_v1_00_a/data/fpu_v2
   _1_0.mpd line 32 - tool is overriding PARAMETER C_SPLB_SMALLEST_MASTER value
   to 64

Running system level Update ...

Running UPDATE Tcl procedures for OPTION SYSLEVEL_UPDATE_PROC...

Performing System level DRCs on properties...


Running DRC Tcl procedures for OPTION SYSLEVEL_DRC_PROC...

Check platform configuration ...
INFO:MDT - IPNAME:xps_ethernetlite INSTANCE:Ethernet_MAC -
   /home/alonso/Linux-on-FPGA/Hardware/BaseSystem/system.mhs line 103 - This
   design requires design constraints to guarantee performance.
   Please refer to the xps_ethernetlite_v2_00_a data sheet for details.  
   The PLB clock frequency must be greater than or equal to 50 MHz for 100 Mbs
   Ethernet operation and greater than or equal to 5.0 MHz for 10 Mbs Ethernet
   operation.

IPNAME:plb_v46 INSTANCE:plb0 -
/home/alonso/Linux-on-FPGA/Hardware/BaseSystem/system.mhs line 63 - 2 master(s)
: 4 slave(s)


Check port drivers...

WARNING:MDT - PORT:Peripheral_Reset CONNECTOR:sys_periph_reset -
   /home/alonso/Linux-on-FPGA/Hardware/BaseSystem/system.mhs line 147 - floating
   connection!


Performing Clock DRCs...


WARNING:MDT - /home/alonso/Linux-on-FPGA/Hardware/BaseSystem/system.mss line 18
   - PARAMETER CORE_CLOCK_FREQ_HZ is deprecated !. .
   To avoid seeing this Warning again, please remove PARAMETER
   CORE_CLOCK_FREQ_HZ.

INFO:MDT - List of peripherals addressable from processor instance ppc405_0 : 
  - xps_bram_if_cntlr_1
  - RS232_Uart_1
  - Ethernet_MAC
  - fpu_0

Building Directory Structure for ppc405_0


Generating platform libraries and device drivers ...


Running CopyFiles ...


Copying files for driver uartlite_v1_13_a from
/opt/Xilinx/10.1/EDK/sw/XilinxProcessorIPLib/drivers/uartlite_v1_13_a/src/ to
/home/alonso/Linux-on-FPGA/Hardware/BaseSystem/ppc405_0/libsrc/uartlite_v1_13_a/
...


Copying files for driver emaclite_v1_13_a from
/opt/Xilinx/10.1/EDK/sw/XilinxProcessorIPLib/drivers/emaclite_v1_13_a/src/ to
/home/alonso/Linux-on-FPGA/Hardware/BaseSystem/ppc405_0/libsrc/emaclite_v1_13_a/
...


Copying files for driver fpu_v1_00_a from
/home/alonso/Linux-on-FPGA/Hardware/BaseSystem/drivers/fpu_v1_00_a/src/ to
/home/alonso/Linux-on-FPGA/Hardware/BaseSystem/ppc405_0/libsrc/fpu_v1_00_a/ ...


Copying files for driver cpu_ppc405_v1_10_b from
/opt/Xilinx/10.1/EDK/sw/XilinxProcessorIPLib/drivers/cpu_ppc405_v1_10_b/src/ to
/home/alonso/Linux-on-FPGA/Hardware/BaseSystem/ppc405_0/libsrc/cpu_ppc405_v1_10_
b/ ...


Running DRCs for OSes, Drivers and Libraries ... 

#--------------------------------------

# device-tree BSP DRC...!
#--------------------------------------

Running generate for OS'es, Drivers and Libraries ... 
#--------------------------------------
# device-tree BSP generate...
#--------------------------------------
--- device tree generator version: v1.3 ---
generating xilinx.dts
Clock Port Summary:

ppc405_0.CPMC405CLOCK connected to sys_clk_s:
    CLK_FREQ_HZ = 100000000
ppc405_0.IPLB0_PLB_Clk connected to sys_clk_s:
    CLK_FREQ_HZ = 100000000
ppc405_0.DPLB0_PLB_Clk connected to sys_clk_s:
    CLK_FREQ_HZ = 100000000
plb0.PLB_Clk connected to sys_clk_s:

    CLK_FREQ_HZ = 100000000
xps_bram_if_cntlr_1.SPLB_Clk connected to sys_clk_s:
    CLK_FREQ_HZ = 100000000
plb_bram_if_cntlr_1_bram.BRAM_Clk_A connected to
xps_bram_if_cntlr_1_port_BRAM_Clk:
    CLK_FREQ_HZ = 100000000
RS232_Uart_1.SPLB_Clk connected to sys_clk_s:
    CLK_FREQ_HZ = 100000000

Ethernet_MAC.SPLB_Clk connected to sys_clk_s:
    CLK_FREQ_HZ = 100000000
clock_generator_0.CLKIN connected to dcm_clk_s:
    CLK_FREQ_HZ = 100000000
clock_generator_0.CLKOUT0 connected to sys_clk_s:
    CLK_FREQ_HZ = 100000000
    CLK_INPORT = CLKIN
    CLK_FACTOR = 1.0 * C_CLKOUT0_FREQ / C_CLKIN_FREQ
proc_sys_reset_0.Slowest_sync_clk connected to sys_clk_s:
    CLK_FREQ_HZ = 100000000
fpu_0.SPLB_Clk connected to sys_clk_s:
    CLK_FREQ_HZ = 100000000

ERROR:MDT - device-tree () - CPU has not connection to Interrupt controller
       while executing
   "error "CPU has not connection to Interrupt controller""
       (procedure "get_handle_to_intc" line 9)
       invoked from within
   "get_handle_to_intc $proc_handle "EICC405EXTINPUTIRQ""
       ("ppc405" arm line 2)
       invoked from within
   "switch $proctype {
   		"microblaze" {
   			set intc [get_handle_to_intc $proc_handle "Interrupt"]
   			set toplevel [gen_microblaze $toplevel $hwproc_handle..."
       (procedure "generate_device_tree" line 47)
       invoked from within
   "generate_device_tree "xilinx.dts" $bootargs $consoleip"
       (procedure "::sw_device-tree_v0_00_x::generate" line 13)
       invoked from within
   "::sw_device-tree_v0_00_x::generate 169628000" 

ERROR:MDT - Error while running "generate" for processor ppc405_0...

make: *** [ppc405_0/lib/libxil.a] Error 2



Done!

Generating Block Diagram : /home/alonso/Linux-on-FPGA/Hardware/BaseSystem/blkdiagram/system.html...

Generated --- system.svg

Rendering --- system.png

Block diagram generated.

